<?xml version="1.0" encoding="UTF-8"?>
<testng-results ignored="0" total="0" passed="0" failed="0" skipped="0">
  <reporter-output>
  </reporter-output>
  <suite started-at="2022-12-02T10:15:59 IST" name="com.durgasoft.commerce.AppTest" finished-at="2022-12-02T10:15:59 IST" duration-ms="26">
    <groups>
    </groups>
    <test started-at="2022-12-02T10:15:59 IST" name="Command line test" finished-at="2022-12-02T10:15:59 IST" duration-ms="26">
    </test> <!-- Command line test -->
  </suite> <!-- com.durgasoft.commerce.AppTest -->
</testng-results>
